<?xml version="1.0" encoding="UTF-8"?>
<beans xmlns="http://www.springframework.org/schema/beans"
	xmlns:xsi="http://www.w3.org/2001/XMLSchema-instance"
	xmlns:mvc="http://www.springframework.org/schema/mvc"
	xmlns:context="http://www.springframework.org/schema/context"
	xsi:schemaLocation="http://www.springframework.org/schema/mvc http://www.springframework.org/schema/mvc/spring-mvc-3.2.xsd
		http://www.springframework.org/schema/beans http://www.springframework.org/schema/beans/spring-beans.xsd
		http://www.springframework.org/schema/context http://www.springframework.org/schema/context/spring-context-3.2.xsd">

	<mvc:annotation-driven>
		<mvc:argument-resolvers>
			<bean class="kr.co.hta.board.web.resolvers.LoginUserHandlerMethodArgumentResolver" />
		</mvc:argument-resolvers>
	</mvc:annotation-driven>
	<context:component-scan base-package="kr.co.hta.board.web" />

	<mvc:interceptors>
		<mvc:interceptor>
			<mvc:mapping path="/**"/>
			<bean class="kr.co.hta.board.web.interceptors.LoginCheckInterceptor">
				<property name="urls">
					<set>
						<value>/home.do</value>
						<value>/user/form.do</value>
						<value>/user/register.do</value>
						<value>/user/login.do</value>
						<value>/user/logout.do</value>
					</set>
				</property>
			</bean>
		</mvc:interceptor>
	</mvc:interceptors>

	<bean class="kr.co.hta.board.web.views.DownloadView" />

	<!-- 파일 업로드 다운로드를 위한 객체로 반드시 지정된 아이디로만! -->
	<bean id="multipartResolver" class="org.springframework.web.multipart.commons.CommonsMultipartResolver">
		<property name="defaultEncoding" value="utf-8" />
		<property name="maxUploadSize" value="10485760" />
	</bean>	
	
	<!-- 내부이동되는 뷰 페이지들에 관한 설정....? 
	 	 요청한 뷰가 없을 때 사용할 veiwResolver 객체 
	 	 요청한 뷰페이지를 찾기위해 사용함 - 그래서 list라고만 반환하면 못찾으니까
	 	 여기서 설정한 프리픽스들을 부착해서 찾음! -->
	<bean id="viewResolver" class="org.springframework.web.servlet.view.InternalResourceViewResolver">
		<property name="prefix" value="/WEB-INF/views/" />
	</bean>

</beans>
